<?xml version="1.0" encoding="UTF-8"?>
<!-- Generated by org.testng.reporters.JUnitReportReporter -->
<testsuite skipped="0" hostname="UKLF3GWKC2" name="co.uk.staTravel.Test.AppTest" tests="1" failures="0" timestamp="25 Mar 2019 15:18:51 GMT" time="0.006" errors="0">
  <testcase name="testApp" time="0.006" classname="co.uk.staTravel.Test.AppTest"/>
</testsuite> <!-- co.uk.staTravel.Test.AppTest -->
